# JRE version: Java(TM) SE Runtime Environment (8.0_111-b14) (build 1.8.0_111-b14)
# Java VM: Java HotSpot(TM) 64-Bit Server VM (25.111-b14 mixed mode windows-amd64 compressed oops)
Heap:
 PSYoungGen      total 43520K, used 34098K [0x00000000d5f00000, 0x00000000d9680000, 0x0000000100000000)
  eden space 32256K, 83% used [0x00000000d5f00000,0x00000000d795fe20,0x00000000d7e80000)
  from space 11264K, 62% used [0x00000000d8b80000,0x00000000d926cb80,0x00000000d9680000)
  to   space 12288K, 0% used [0x00000000d7e80000,0x00000000d7e80000,0x00000000d8a80000)
 ParOldGen       total 76800K, used 35597K [0x0000000081c00000, 0x0000000086700000, 0x00000000d5f00000)
  object space 76800K, 46% used [0x0000000081c00000,0x0000000083ec36a0,0x0000000086700000)
 Metaspace       used 27167K, capacity 27576K, committed 27952K, reserved 1073152K
  class space    used 3231K, capacity 3353K, committed 3376K, reserved 1048576K
GC Heap History (10 events):
Event: 51.380 GC heap before
{Heap before GC invocations=4 (full 1):
 PSYoungGen      total 38400K, used 33280K [0x00000000d5f00000, 0x00000000d8980000, 0x0000000100000000)
  eden space 33280K, 100% used [0x00000000d5f00000,0x00000000d7f80000,0x00000000d7f80000)
  from space 5120K, 0% used [0x00000000d8480000,0x00000000d8480000,0x00000000d8980000)
  to   space 5120K, 0% used [0x00000000d7f80000,0x00000000d7f80000,0x00000000d8480000)
 ParOldGen       total 49152K, used 8501K [0x0000000081c00000, 0x0000000084c00000, 0x00000000d5f00000)
  object space 49152K, 17% used [0x0000000081c00000,0x000000008244d4b0,0x0000000084c00000)
 Metaspace       used 23005K, capacity 23278K, committed 23728K, reserved 1071104K
  class space    used 2768K, capacity 2876K, committed 2992K, reserved 1048576K
Event: 51.387 GC heap after
Heap after GC invocations=4 (full 1):
 PSYoungGen      total 38400K, used 4106K [0x00000000d5f00000, 0x00000000d8980000, 0x0000000100000000)
  eden space 33280K, 0% used [0x00000000d5f00000,0x00000000d5f00000,0x00000000d7f80000)
  from space 5120K, 80% used [0x00000000d7f80000,0x00000000d8382bc0,0x00000000d8480000)
  to   space 5120K, 0% used [0x00000000d8480000,0x00000000d8480000,0x00000000d8980000)
 ParOldGen       total 49152K, used 31391K [0x0000000081c00000, 0x0000000084c00000, 0x00000000d5f00000)
  object space 49152K, 63% used [0x0000000081c00000,0x0000000083aa7ee0,0x0000000084c00000)
 Metaspace       used 23005K, capacity 23278K, committed 23728K, reserved 1071104K
  class space    used 2768K, capacity 2876K, committed 2992K, reserved 1048576K
}
Event: 51.387 GC heap before
{Heap before GC invocations=5 (full 2):
 PSYoungGen      total 38400K, used 4106K [0x00000000d5f00000, 0x00000000d8980000, 0x0000000100000000)
  eden space 33280K, 0% used [0x00000000d5f00000,0x00000000d5f00000,0x00000000d7f80000)
  from space 5120K, 80% used [0x00000000d7f80000,0x00000000d8382bc0,0x00000000d8480000)
  to   space 5120K, 0% used [0x00000000d8480000,0x00000000d8480000,0x00000000d8980000)
 ParOldGen       total 49152K, used 31391K [0x0000000081c00000, 0x0000000084c00000, 0x00000000d5f00000)
  object space 49152K, 63% used [0x0000000081c00000,0x0000000083aa7ee0,0x0000000084c00000)
 Metaspace       used 23005K, capacity 23278K, committed 23728K, reserved 1071104K
  class space    used 2768K, capacity 2876K, committed 2992K, reserved 1048576K
Event: 51.400 GC heap after
Heap after GC invocations=5 (full 2):
 PSYoungGen      total 38400K, used 0K [0x00000000d5f00000, 0x00000000d8980000, 0x0000000100000000)
  eden space 33280K, 0% used [0x00000000d5f00000,0x00000000d5f00000,0x00000000d7f80000)
  from space 5120K, 0% used [0x00000000d7f80000,0x00000000d7f80000,0x00000000d8480000)
  to   space 5120K, 0% used [0x00000000d8480000,0x00000000d8480000,0x00000000d8980000)
 ParOldGen       total 76800K, used 19306K [0x0000000081c00000, 0x0000000086700000, 0x00000000d5f00000)
  object space 76800K, 25% used [0x0000000081c00000,0x0000000082edaa58,0x0000000086700000)
 Metaspace       used 23005K, capacity 23278K, committed 23728K, reserved 1071104K
  class space    used 2768K, capacity 2876K, committed 2992K, reserved 1048576K
}
Event: 70.003 GC heap before
{Heap before GC invocations=6 (full 2):
 PSYoungGen      total 38400K, used 33280K [0x00000000d5f00000, 0x00000000d8980000, 0x0000000100000000)
  eden space 33280K, 100% used [0x00000000d5f00000,0x00000000d7f80000,0x00000000d7f80000)
  from space 5120K, 0% used [0x00000000d7f80000,0x00000000d7f80000,0x00000000d8480000)
  to   space 5120K, 0% used [0x00000000d8480000,0x00000000d8480000,0x00000000d8980000)
 ParOldGen       total 76800K, used 19306K [0x0000000081c00000, 0x0000000086700000, 0x00000000d5f00000)
  object space 76800K, 25% used [0x0000000081c00000,0x0000000082edaa58,0x0000000086700000)
 Metaspace       used 25134K, capacity 25542K, committed 25776K, reserved 1071104K
  class space    used 3083K, capacity 3190K, committed 3248K, reserved 1048576K
Event: 70.011 GC heap after
Heap after GC invocations=6 (full 2):
 PSYoungGen      total 38400K, used 4375K [0x00000000d5f00000, 0x00000000d8980000, 0x0000000100000000)
  eden space 33280K, 0% used [0x00000000d5f00000,0x00000000d5f00000,0x00000000d7f80000)
  from space 5120K, 85% used [0x00000000d8480000,0x00000000d88c5ee8,0x00000000d8980000)
  to   space 5120K, 0% used [0x00000000d7f80000,0x00000000d7f80000,0x00000000d8480000)
 ParOldGen       total 76800K, used 34154K [0x0000000081c00000, 0x0000000086700000, 0x00000000d5f00000)
  object space 76800K, 44% used [0x0000000081c00000,0x0000000083d5a990,0x0000000086700000)
 Metaspace       used 25134K, capacity 25542K, committed 25776K, reserved 1071104K
  class space    used 3083K, capacity 3190K, committed 3248K, reserved 1048576K
}
Event: 285.520 GC heap before
{Heap before GC invocations=7 (full 2):
 PSYoungGen      total 38400K, used 37655K [0x00000000d5f00000, 0x00000000d8980000, 0x0000000100000000)
  eden space 33280K, 100% used [0x00000000d5f00000,0x00000000d7f80000,0x00000000d7f80000)
  from space 5120K, 85% used [0x00000000d8480000,0x00000000d88c5ee8,0x00000000d8980000)
  to   space 5120K, 0% used [0x00000000d7f80000,0x00000000d7f80000,0x00000000d8480000)
 ParOldGen       total 76800K, used 34154K [0x0000000081c00000, 0x0000000086700000, 0x00000000d5f00000)
  object space 76800K, 44% used [0x0000000081c00000,0x0000000083d5a990,0x0000000086700000)
 Metaspace       used 26712K, capacity 27084K, committed 27440K, reserved 1073152K
  class space    used 3214K, capacity 3319K, committed 3376K, reserved 1048576K
Event: 285.526 GC heap after
Heap after GC invocations=7 (full 2):
 PSYoungGen      total 37888K, used 5097K [0x00000000d5f00000, 0x00000000d9800000, 0x0000000100000000)
  eden space 32768K, 0% used [0x00000000d5f00000,0x00000000d5f00000,0x00000000d7f00000)
  from space 5120K, 99% used [0x00000000d7f80000,0x00000000d847a4a8,0x00000000d8480000)
  to   space 12800K, 0% used [0x00000000d8b80000,0x00000000d8b80000,0x00000000d9800000)
 ParOldGen       total 76800K, used 35589K [0x0000000081c00000, 0x0000000086700000, 0x00000000d5f00000)
  object space 76800K, 46% used [0x0000000081c00000,0x0000000083ec16a0,0x0000000086700000)
 Metaspace       used 26712K, capacity 27084K, committed 27440K, reserved 1073152K
  class space    used 3214K, capacity 3319K, committed 3376K, reserved 1048576K
}
Event: 394.090 GC heap before
{Heap before GC invocations=8 (full 2):
 PSYoungGen      total 37888K, used 37865K [0x00000000d5f00000, 0x00000000d9800000, 0x0000000100000000)
  eden space 32768K, 100% used [0x00000000d5f00000,0x00000000d7f00000,0x00000000d7f00000)
  from space 5120K, 99% used [0x00000000d7f80000,0x00000000d847a4a8,0x00000000d8480000)
  to   space 12800K, 0% used [0x00000000d8b80000,0x00000000d8b80000,0x00000000d9800000)
 ParOldGen       total 76800K, used 35589K [0x0000000081c00000, 0x0000000086700000, 0x00000000d5f00000)
  object space 76800K, 46% used [0x0000000081c00000,0x0000000083ec16a0,0x0000000086700000)
 Metaspace       used 27030K, capacity 27448K, committed 27696K, reserved 1073152K
  class space    used 3230K, capacity 3353K, committed 3376K, reserved 1048576K
Event: 394.095 GC heap after
Heap after GC invocations=8 (full 2):
 PSYoungGen      total 43520K, used 7090K [0x00000000d5f00000, 0x00000000d9680000, 0x0000000100000000)
  eden space 32256K, 0% used [0x00000000d5f00000,0x00000000d5f00000,0x00000000d7e80000)
  from space 11264K, 62% used [0x00000000d8b80000,0x00000000d926cb80,0x00000000d9680000)
  to   space 12288K, 0% used [0x00000000d7e80000,0x00000000d7e80000,0x00000000d8a80000)
 ParOldGen       total 76800K, used 35597K [0x0000000081c00000, 0x0000000086700000, 0x00000000d5f00000)
  object space 76800K, 46% used [0x0000000081c00000,0x0000000083ec36a0,0x0000000086700000)
 Metaspace       used 27030K, capacity 27448K, committed 27696K, reserved 1073152K
  class space    used 3230K, capacity 3353K, committed 3376K, reserved 1048576K
}

